app/build/intermediates/manifest_merge_blame_file/debug/manifest-merger-blame-debug-report.txt
1<?xml version="1.0" encoding="utf-8"?>
2<manifest xmlns:android="http://schemas.android.com/apk/res/android"
3    package="com.elenivoreos.notimetoworkout"
4    android:versionCode="1"
5    android:versionName="1.0" >
6
7    <uses-sdk
8        android:minSdkVersion="23"
8-->src\main\AndroidManifest.xml
9        android:targetSdkVersion="32" />
9-->src\main\AndroidManifest.xml
10
11    <queries>
11-->src\main\AndroidManifest.xml:5:5-9:15
12        <intent>
12-->src\main\AndroidManifest.xml:6:9-8:18
13            <action android:name="android.intent.action.TTS_SERVICE" />
13-->src\main\AndroidManifest.xml:7:13-71
13-->src\main\AndroidManifest.xml:7:21-69
14        </intent>
15    </queries>
16
17    <application
17-->src\main\AndroidManifest.xml:11:5-62:19
18        android:allowBackup="true"
18-->src\main\AndroidManifest.xml:12:9-35
19        android:appComponentFactory="androidx.core.app.CoreComponentFactory"
19-->[androidx.core:core:1.8.0] AndroidManifest.xml:24:18-86
20        android:dataExtractionRules="@xml/data_extraction_rules"
20-->src\main\AndroidManifest.xml:13:9-65
21        android:debuggable="true"
22        android:extractNativeLibs="false"
23        android:fullBackupContent="@xml/backup_rules"
23-->src\main\AndroidManifest.xml:14:9-54
24        android:icon="@drawable/logo"
24-->src\main\AndroidManifest.xml:15:9-38
25        android:label="@string/app_name"
25-->src\main\AndroidManifest.xml:16:9-41
26        android:roundIcon="@drawable/logo"
26-->src\main\AndroidManifest.xml:17:9-43
27        android:supportsRtl="true"
27-->src\main\AndroidManifest.xml:18:9-35
28        android:testOnly="true"
29        android:theme="@style/Theme.NoTimeToWorkout" >
29-->src\main\AndroidManifest.xml:19:9-53
30        <activity
30-->src\main\AndroidManifest.xml:22:9-26:15
31            android:name="com.elenivoreos.notimetoworkout.HistoryActivity"
31-->src\main\AndroidManifest.xml:23:13-44
32            android:exported="true"
32-->src\main\AndroidManifest.xml:24:13-36
33            android:screenOrientation="portrait" />
33-->src\main\AndroidManifest.xml:25:13-49
34        <activity
34-->src\main\AndroidManifest.xml:28:9-32:15
35            android:name="com.elenivoreos.notimetoworkout.BMIActivity"
35-->src\main\AndroidManifest.xml:29:13-40
36            android:exported="true"
36-->src\main\AndroidManifest.xml:30:13-36
37            android:screenOrientation="portrait" />
37-->src\main\AndroidManifest.xml:31:13-49
38        <activity
38-->src\main\AndroidManifest.xml:34:9-38:15
39            android:name="com.elenivoreos.notimetoworkout.FinishActivity"
39-->src\main\AndroidManifest.xml:35:13-43
40            android:exported="true"
40-->src\main\AndroidManifest.xml:36:13-36
41            android:screenOrientation="portrait" />
41-->src\main\AndroidManifest.xml:37:13-49
42        <activity
42-->src\main\AndroidManifest.xml:39:9-46:20
43            android:name="com.elenivoreos.notimetoworkout.ExerciseActivity"
43-->src\main\AndroidManifest.xml:40:13-45
44            android:exported="true"
44-->src\main\AndroidManifest.xml:41:13-36
45            android:screenOrientation="portrait" >
45-->src\main\AndroidManifest.xml:42:13-49
46            <meta-data
46-->src\main\AndroidManifest.xml:43:13-45:36
47                android:name="android.app.lib_name"
47-->src\main\AndroidManifest.xml:44:17-52
48                android:value="" />
48-->src\main\AndroidManifest.xml:45:17-33
49        </activity>
50        <activity
50-->src\main\AndroidManifest.xml:47:9-60:20
51            android:name="com.elenivoreos.notimetoworkout.MainActivity"
51-->src\main\AndroidManifest.xml:48:13-41
52            android:exported="true"
52-->src\main\AndroidManifest.xml:49:13-36
53            android:screenOrientation="portrait" >
53-->src\main\AndroidManifest.xml:50:13-49
54            <intent-filter>
54-->src\main\AndroidManifest.xml:51:13-55:29
55                <action android:name="android.intent.action.MAIN" />
55-->src\main\AndroidManifest.xml:52:17-69
55-->src\main\AndroidManifest.xml:52:25-66
56
57                <category android:name="android.intent.category.LAUNCHER" />
57-->src\main\AndroidManifest.xml:54:17-77
57-->src\main\AndroidManifest.xml:54:27-74
58            </intent-filter>
59
60            <meta-data
60-->src\main\AndroidManifest.xml:43:13-45:36
61                android:name="android.app.lib_name"
61-->src\main\AndroidManifest.xml:44:17-52
62                android:value="" />
62-->src\main\AndroidManifest.xml:45:17-33
63        </activity>
64
65        <provider
65-->[androidx.emoji2:emoji2:1.2.0] AndroidManifest.xml:24:9-32:20
66            android:name="androidx.startup.InitializationProvider"
66-->[androidx.emoji2:emoji2:1.2.0] AndroidManifest.xml:25:13-67
67            android:authorities="com.elenivoreos.notimetoworkout.androidx-startup"
67-->[androidx.emoji2:emoji2:1.2.0] AndroidManifest.xml:26:13-68
68            android:exported="false" >
68-->[androidx.emoji2:emoji2:1.2.0] AndroidManifest.xml:27:13-37
69            <meta-data
69-->[androidx.emoji2:emoji2:1.2.0] AndroidManifest.xml:29:13-31:52
70                android:name="androidx.emoji2.text.EmojiCompatInitializer"
70-->[androidx.emoji2:emoji2:1.2.0] AndroidManifest.xml:30:17-75
71                android:value="androidx.startup" />
71-->[androidx.emoji2:emoji2:1.2.0] AndroidManifest.xml:31:17-49
72            <meta-data
72-->[androidx.lifecycle:lifecycle-process:2.4.1] AndroidManifest.xml:31:13-33:52
73                android:name="androidx.lifecycle.ProcessLifecycleInitializer"
73-->[androidx.lifecycle:lifecycle-process:2.4.1] AndroidManifest.xml:32:17-78
74                android:value="androidx.startup" />
74-->[androidx.lifecycle:lifecycle-process:2.4.1] AndroidManifest.xml:33:17-49
75        </provider>
76    </application>
77
78</manifest>